{"C:\\Users\\ilyae\\OneDrive\\Рабочий стол\\Methods_01\\src\\js\\Classes\\Bowerman.js": {"path":"C:\\Users\\ilyae\\OneDrive\\Рабочий стол\\Methods_01\\src\\js\\Classes\\Bowerman.js","statementMap":{"0":{"start":{"line":5,"column":2},"end":{"line":5,"column":24}},"1":{"start":{"line":6,"column":2},"end":{"line":6,"column":19}},"2":{"start":{"line":7,"column":2},"end":{"line":7,"column":20}}},"fnMap":{"0":{"name":"(anonymous_0)","decl":{"start":{"line":4,"column":1},"end":{"line":4,"column":2}},"loc":{"start":{"line":4,"column":18},"end":{"line":8,"column":2}},"line":4}},"branchMap":{},"s":{"0":8,"1":8,"2":8},"f":{"0":8},"b":{},"_coverageSchema":"1a1c01bbd47fc00a2c39e90264f33305004495a9","hash":"b8037b8a2c20fd38a759f9c3ad2fb9713a45f7e8"}
,"C:\\Users\\ilyae\\OneDrive\\Рабочий стол\\Methods_01\\src\\js\\Classes\\Character.js": {"path":"C:\\Users\\ilyae\\OneDrive\\Рабочий стол\\Methods_01\\src\\js\\Classes\\Character.js","statementMap":{"0":{"start":{"line":3,"column":2},"end":{"line":5,"column":3}},"1":{"start":{"line":4,"column":3},"end":{"line":4,"column":67}},"2":{"start":{"line":7,"column":16},"end":{"line":7,"column":81}},"3":{"start":{"line":8,"column":2},"end":{"line":10,"column":3}},"4":{"start":{"line":9,"column":3},"end":{"line":9,"column":67}},"5":{"start":{"line":12,"column":2},"end":{"line":12,"column":19}},"6":{"start":{"line":13,"column":2},"end":{"line":13,"column":19}},"7":{"start":{"line":14,"column":2},"end":{"line":14,"column":20}},"8":{"start":{"line":15,"column":2},"end":{"line":15,"column":17}},"9":{"start":{"line":16,"column":2},"end":{"line":16,"column":18}},"10":{"start":{"line":17,"column":2},"end":{"line":17,"column":19}},"11":{"start":{"line":20,"column":4},"end":{"line":22,"column":6}},"12":{"start":{"line":21,"column":6},"end":{"line":21,"column":56}},"13":{"start":{"line":24,"column":4},"end":{"line":24,"column":22}},"14":{"start":{"line":25,"column":2},"end":{"line":25,"column":18}},"15":{"start":{"line":26,"column":2},"end":{"line":26,"column":21}},"16":{"start":{"line":27,"column":2},"end":{"line":27,"column":22}},"17":{"start":{"line":30,"column":4},"end":{"line":32,"column":6}},"18":{"start":{"line":31,"column":5},"end":{"line":31,"column":12}},"19":{"start":{"line":33,"column":28},"end":{"line":33,"column":61}},"20":{"start":{"line":34,"column":4},"end":{"line":34,"column":34}},"21":{"start":{"line":35,"column":4},"end":{"line":37,"column":6}},"22":{"start":{"line":36,"column":5},"end":{"line":36,"column":21}}},"fnMap":{"0":{"name":"(anonymous_0)","decl":{"start":{"line":2,"column":1},"end":{"line":2,"column":2}},"loc":{"start":{"line":2,"column":25},"end":{"line":18,"column":2}},"line":2},"1":{"name":"(anonymous_1)","decl":{"start":{"line":19,"column":1},"end":{"line":19,"column":2}},"loc":{"start":{"line":19,"column":10},"end":{"line":28,"column":2}},"line":19},"2":{"name":"(anonymous_2)","decl":{"start":{"line":29,"column":1},"end":{"line":29,"column":2}},"loc":{"start":{"line":29,"column":16},"end":{"line":38,"column":5}},"line":29}},"branchMap":{"0":{"loc":{"start":{"line":3,"column":2},"end":{"line":5,"column":3}},"type":"if","locations":[{"start":{"line":3,"column":2},"end":{"line":5,"column":3}},{"start":{},"end":{}}],"line":3},"1":{"loc":{"start":{"line":3,"column":6},"end":{"line":3,"column":69}},"type":"binary-expr","locations":[{"start":{"line":3,"column":6},"end":{"line":3,"column":30}},{"start":{"line":3,"column":34},"end":{"line":3,"column":49}},{"start":{"line":3,"column":53},"end":{"line":3,"column":69}}],"line":3},"2":{"loc":{"start":{"line":8,"column":2},"end":{"line":10,"column":3}},"type":"if","locations":[{"start":{"line":8,"column":2},"end":{"line":10,"column":3}},{"start":{},"end":{}}],"line":8},"3":{"loc":{"start":{"line":20,"column":4},"end":{"line":22,"column":6}},"type":"if","locations":[{"start":{"line":20,"column":4},"end":{"line":22,"column":6}},{"start":{},"end":{}}],"line":20},"4":{"loc":{"start":{"line":30,"column":4},"end":{"line":32,"column":6}},"type":"if","locations":[{"start":{"line":30,"column":4},"end":{"line":32,"column":6}},{"start":{},"end":{}}],"line":30},"5":{"loc":{"start":{"line":35,"column":4},"end":{"line":37,"column":6}},"type":"if","locations":[{"start":{"line":35,"column":4},"end":{"line":37,"column":6}},{"start":{},"end":{}}],"line":35}},"s":{"0":25,"1":3,"2":22,"3":22,"4":2,"5":20,"6":20,"7":20,"8":20,"9":20,"10":20,"11":4,"12":1,"13":3,"14":3,"15":3,"16":3,"17":3,"18":1,"19":2,"20":2,"21":2,"22":1},"f":{"0":25,"1":4,"2":3},"b":{"0":[3,22],"1":[25,24,23],"2":[2,20],"3":[1,3],"4":[1,2],"5":[1,1]},"_coverageSchema":"1a1c01bbd47fc00a2c39e90264f33305004495a9","hash":"e95617e73e144202cdff17546f0780207719cd87"}
,"C:\\Users\\ilyae\\OneDrive\\Рабочий стол\\Methods_01\\src\\js\\Classes\\Daemon.js": {"path":"C:\\Users\\ilyae\\OneDrive\\Рабочий стол\\Methods_01\\src\\js\\Classes\\Daemon.js","statementMap":{"0":{"start":{"line":5,"column":2},"end":{"line":5,"column":24}},"1":{"start":{"line":6,"column":2},"end":{"line":6,"column":19}},"2":{"start":{"line":7,"column":2},"end":{"line":7,"column":20}}},"fnMap":{"0":{"name":"(anonymous_0)","decl":{"start":{"line":4,"column":1},"end":{"line":4,"column":2}},"loc":{"start":{"line":4,"column":18},"end":{"line":8,"column":2}},"line":4}},"branchMap":{},"s":{"0":1,"1":1,"2":1},"f":{"0":1},"b":{},"_coverageSchema":"1a1c01bbd47fc00a2c39e90264f33305004495a9","hash":"0ac79ffe12f5ee3965af51a06a2256cc4c806d47"}
,"C:\\Users\\ilyae\\OneDrive\\Рабочий стол\\Methods_01\\src\\js\\Classes\\Magician.js": {"path":"C:\\Users\\ilyae\\OneDrive\\Рабочий стол\\Methods_01\\src\\js\\Classes\\Magician.js","statementMap":{"0":{"start":{"line":5,"column":2},"end":{"line":5,"column":26}},"1":{"start":{"line":6,"column":2},"end":{"line":6,"column":19}},"2":{"start":{"line":7,"column":2},"end":{"line":7,"column":20}}},"fnMap":{"0":{"name":"(anonymous_0)","decl":{"start":{"line":4,"column":1},"end":{"line":4,"column":2}},"loc":{"start":{"line":4,"column":18},"end":{"line":8,"column":2}},"line":4}},"branchMap":{},"s":{"0":1,"1":1,"2":1},"f":{"0":1},"b":{},"_coverageSchema":"1a1c01bbd47fc00a2c39e90264f33305004495a9","hash":"1f468c1a34f9ef6d4d2ce793fdb3c2970e299bd9"}
,"C:\\Users\\ilyae\\OneDrive\\Рабочий стол\\Methods_01\\src\\js\\Classes\\Swordsman.js": {"path":"C:\\Users\\ilyae\\OneDrive\\Рабочий стол\\Methods_01\\src\\js\\Classes\\Swordsman.js","statementMap":{"0":{"start":{"line":5,"column":2},"end":{"line":5,"column":27}},"1":{"start":{"line":6,"column":2},"end":{"line":6,"column":19}},"2":{"start":{"line":7,"column":2},"end":{"line":7,"column":20}}},"fnMap":{"0":{"name":"(anonymous_0)","decl":{"start":{"line":4,"column":1},"end":{"line":4,"column":2}},"loc":{"start":{"line":4,"column":18},"end":{"line":8,"column":2}},"line":4}},"branchMap":{},"s":{"0":1,"1":1,"2":1},"f":{"0":1},"b":{},"_coverageSchema":"1a1c01bbd47fc00a2c39e90264f33305004495a9","hash":"8f61a5815a138e8b6e3d37e3732ea1e94353f5b8"}
,"C:\\Users\\ilyae\\OneDrive\\Рабочий стол\\Methods_01\\src\\js\\Classes\\Undead.js": {"path":"C:\\Users\\ilyae\\OneDrive\\Рабочий стол\\Methods_01\\src\\js\\Classes\\Undead.js","statementMap":{"0":{"start":{"line":5,"column":2},"end":{"line":5,"column":24}},"1":{"start":{"line":6,"column":2},"end":{"line":6,"column":19}},"2":{"start":{"line":7,"column":2},"end":{"line":7,"column":20}}},"fnMap":{"0":{"name":"(anonymous_0)","decl":{"start":{"line":4,"column":1},"end":{"line":4,"column":2}},"loc":{"start":{"line":4,"column":18},"end":{"line":8,"column":2}},"line":4}},"branchMap":{},"s":{"0":1,"1":1,"2":1},"f":{"0":1},"b":{},"_coverageSchema":"1a1c01bbd47fc00a2c39e90264f33305004495a9","hash":"5d56f61d56b25dd5860a9665a430ee2dd8b49502"}
,"C:\\Users\\ilyae\\OneDrive\\Рабочий стол\\Methods_01\\src\\js\\Classes\\Zombie.js": {"path":"C:\\Users\\ilyae\\OneDrive\\Рабочий стол\\Methods_01\\src\\js\\Classes\\Zombie.js","statementMap":{"0":{"start":{"line":5,"column":2},"end":{"line":5,"column":24}},"1":{"start":{"line":6,"column":2},"end":{"line":6,"column":19}},"2":{"start":{"line":7,"column":2},"end":{"line":7,"column":20}}},"fnMap":{"0":{"name":"(anonymous_0)","decl":{"start":{"line":4,"column":1},"end":{"line":4,"column":2}},"loc":{"start":{"line":4,"column":18},"end":{"line":8,"column":2}},"line":4}},"branchMap":{},"s":{"0":1,"1":1,"2":1},"f":{"0":1},"b":{},"_coverageSchema":"1a1c01bbd47fc00a2c39e90264f33305004495a9","hash":"aba361c8d029d463247e11efbd4c1f12ddf0b109"}
}
