TN:
SF:src\js\Classes\Bowerman.js
FN:4,(anonymous_0)
FNF:1
FNH:1
FNDA:8,(anonymous_0)
DA:5,8
DA:6,8
DA:7,8
LF:3
LH:3
BRF:0
BRH:0
end_of_record
TN:
SF:src\js\Classes\Character.js
FN:2,(anonymous_0)
FN:19,(anonymous_1)
FN:29,(anonymous_2)
FNF:3
FNH:3
FNDA:25,(anonymous_0)
FNDA:4,(anonymous_1)
FNDA:3,(anonymous_2)
DA:3,25
DA:4,3
DA:7,22
DA:8,22
DA:9,2
DA:12,20
DA:13,20
DA:14,20
DA:15,20
DA:16,20
DA:17,20
DA:20,4
DA:21,1
DA:24,3
DA:25,3
DA:26,3
DA:27,3
DA:30,3
DA:31,1
DA:33,2
DA:34,2
DA:35,2
DA:36,1
LF:23
LH:23
BRDA:3,0,0,3
BRDA:3,0,1,22
BRDA:3,1,0,25
BRDA:3,1,1,24
BRDA:3,1,2,23
BRDA:8,2,0,2
BRDA:8,2,1,20
BRDA:20,3,0,1
BRDA:20,3,1,3
BRDA:30,4,0,1
BRDA:30,4,1,2
BRDA:35,5,0,1
BRDA:35,5,1,1
BRF:13
BRH:13
end_of_record
TN:
SF:src\js\Classes\Daemon.js
FN:4,(anonymous_0)
FNF:1
FNH:1
FNDA:1,(anonymous_0)
DA:5,1
DA:6,1
DA:7,1
LF:3
LH:3
BRF:0
BRH:0
end_of_record
TN:
SF:src\js\Classes\Magician.js
FN:4,(anonymous_0)
FNF:1
FNH:1
FNDA:1,(anonymous_0)
DA:5,1
DA:6,1
DA:7,1
LF:3
LH:3
BRF:0
BRH:0
end_of_record
TN:
SF:src\js\Classes\Swordsman.js
FN:4,(anonymous_0)
FNF:1
FNH:1
FNDA:1,(anonymous_0)
DA:5,1
DA:6,1
DA:7,1
LF:3
LH:3
BRF:0
BRH:0
end_of_record
TN:
SF:src\js\Classes\Undead.js
FN:4,(anonymous_0)
FNF:1
FNH:1
FNDA:1,(anonymous_0)
DA:5,1
DA:6,1
DA:7,1
LF:3
LH:3
BRF:0
BRH:0
end_of_record
TN:
SF:src\js\Classes\Zombie.js
FN:4,(anonymous_0)
FNF:1
FNH:1
FNDA:1,(anonymous_0)
DA:5,1
DA:6,1
DA:7,1
LF:3
LH:3
BRF:0
BRH:0
end_of_record
